#
# A fatal error has been detected by the Java Runtime Environment:
#
#  SIGSEGV (0xb) at pc=0x00007fff3506ec63, pid=10401, tid=0x0000000000000307
#
# JRE version: Java(TM) SE Runtime Environment (8.0_101-b13) (build 1.8.0_101-b13)
# Java VM: Java HotSpot(TM) 64-Bit Server VM (25.101-b13 mixed mode bsd-amd64 compressed oops)
# Problematic frame:
# C  [JavaNativeFoundation+0x6c63]  -[JNFJObjectWrapper jObjectWithEnv:]+0x1e
#
# Failed to write core dump. Core dumps have been disabled. To enable core dumping, try "ulimit -c unlimited" before starting Java again
#
# If you would like to submit a bug report, please visit:
#   http://bugreport.java.com/bugreport/crash.jsp
#

---------------  T H R E A D  ---------------

Current thread is native thread

siginfo: si_signo: 11 (SIGSEGV), si_code: 0 (unknown), si_addr: 0x0000000000000000

Registers:
RAX=0x00007fe397e58198, RBX=0x00007fe39894d9f8, RCX=0x2f676e6977732f69, RDX=0x00007fe39894d9f8
RSP=0x00007ffeeb810ba0, RBP=0x00007ffeeb810bb0, RSI=0x00007fff350705f3, RDI=0x00007fe39a6506b0
R8 =0x00007fe39b033030, R9 =0x0000000000000000, R10=0x00007fff8bea6e88, R11=0x00007fe39a5a5260
R12=0x00007fe39894d9f8, R13=0x00007fe39a700ce0, R14=0x00007fe399afc000, R15=0x00007fe39a6509b0
RIP=0x00007fff3506ec63, EFLAGS=0x0000000000010202, ERR=0x0000000000000000
  TRAPNO=0x000000000000000d

Top of Stack: (sp=0x00007ffeeb810ba0)
0x00007ffeeb810ba0:   00007fe39a650600 00007fe39a574f60
0x00007ffeeb810bb0:   00007ffeeb810c10 0000000121a678d5
0x00007ffeeb810bc0:   00007fff2f70753e 0000000000000000
0x00007ffeeb810bd0:   410dd0929229eb0c 00007fe399afc000
0x00007ffeeb810be0:   00007ffeeb810c10 00007fff58235e80
0x00007ffeeb810bf0:   00007fe39a6509b0 00007fe39a700ce0
0x00007ffeeb810c00:   00007fe397d83880 00007fe399afc000
0x00007ffeeb810c10:   00007ffeeb810cc0 00007fff3c61c96e
0x00007ffeeb810c20:   00007fe39a6509b0 0000000000000000
0x00007ffeeb810c30:   0000000000000000 00007fe39a6509b0
0x00007ffeeb810c40:   0000000000000000 0000000000000000
0x00007ffeeb810c50:   00007ffeeb810ca0 0000024200000004
0x00007ffeeb810c60:   0000000000000000 410dd0929229eb0c
0x00007ffeeb810c70:   00007fe39a6ee640 0000000000000000
0x00007ffeeb810c80:   0000000000000000 00007ffeeb810ca0
0x00007ffeeb810c90:   00007fe39a6509b0 00007fff58235e80
0x00007ffeeb810ca0:   0000000000000004 0000000000000000
0x00007ffeeb810cb0:   00007fe39a6509b0 00007fff2f70753e
0x00007ffeeb810cc0:   00007ffeeb810d30 00007fff3c61bfcf
0x00007ffeeb810cd0:   0000000000000000 0000000000000000
0x00007ffeeb810ce0:   4089000000000000 4082100000000000
0x00007ffeeb810cf0:   4082100000000000 4089000000000000
0x00007ffeeb810d00:   3ff0000000000000 00007ffeeb810e00
0x00007ffeeb810d10:   00007fff58235e80 0000000000000000
0x00007ffeeb810d20:   00007fff2f709539 00007fe39a300280
0x00007ffeeb810d30:   00007ffeeb811e00 00007fff3c5bdd3b
0x00007ffeeb810d40:   00007ffeeb811e00 00007fff3c5bdc0b
0x00007ffeeb810d50:   00007ffeeb810e00 0000000000000000
0x00007ffeeb810d60:   0000000000000001 00007fe3981b2c00
0x00007ffeeb810d70:   00007ffeeb810dd0 0000020000000100
0x00007ffeeb810d80:   00007ffe00000000 00007fff3c5be04d
0x00007ffeeb810d90:   0000000000000008 00007ffeeb810e00 

Instructions: (pc=0x00007fff3506ec63)
0x00007fff3506ec43:   5d c3 55 48 89 e5 53 50 48 89 d3 48 8b 35 53 7d
0x00007fff3506ec53:   e3 56 ff 15 05 64 e3 56 48 85 c0 74 18 48 8b 0b
0x00007fff3506ec63:   48 8b 89 c8 00 00 00 48 89 df 48 89 c6 48 83 c4
0x00007fff3506ec73:   08 5b 5d ff e1 31 c0 48 83 c4 08 5b 5d c3 55 48 

Register to memory mapping:

RAX=0x00007fe397e58198 is a global jni handle
RBX=0x00007fe39894d9f8 is an unknown value
RCX=0x2f676e6977732f69 is an unknown value
RDX=0x00007fe39894d9f8 is an unknown value
RSP=0x00007ffeeb810ba0 is an unknown value
RBP=0x00007ffeeb810bb0 is an unknown value
RSI=0x00007fff350705f3: GCC_except_table2+0x613 in /System/Library/Frameworks/JavaVM.framework/Versions/A/Frameworks/JavaNativeFoundation.framework/Versions/A/JavaNativeFoundation at 0x00007fff35068000
RDI=0x00007fe39a6506b0 is an unknown value
R8 =0x00007fe39b033030 is an unknown value
R9 =0x0000000000000000 is an unknown value
R10=0x00007fff8bea6e88: OBJC_CLASS_$_JNFJObjectWrapper+0 in /System/Library/Frameworks/JavaVM.framework/Versions/A/Frameworks/JavaNativeFoundation.framework/Versions/A/JavaNativeFoundation at 0x00007fff35068000
R11=0x00007fe39a5a5260 is an unknown value
R12=0x00007fe39894d9f8 is an unknown value
R13=0x00007fe39a700ce0 is an unknown value
R14=0x00007fe399afc000 is an unknown value
R15=0x00007fe39a6509b0 is an unknown value


Stack: [0x00007ffeeb016000,0x00007ffeeb816000],  sp=0x00007ffeeb810ba0,  free space=8170k
Native frames: (J=compiled Java code, j=interpreted, Vv=VM code, C=native code)
C  [JavaNativeFoundation+0x6c63]  -[JNFJObjectWrapper jObjectWithEnv:]+0x1e
C  [libawt_lwawt.dylib+0x198d5]  -[CGLLayer drawInCGLContext:pixelFormat:forLayerTime:displayTime:]+0xee
C  [QuartzCore+0x7096e]  _ZL17CAOpenGLLayerDrawP13CAOpenGLLayerdPK11CVTimeStampj+0x7a7
C  [QuartzCore+0x6ffcf]  -[CAOpenGLLayer _display]+0x235
C  [QuartzCore+0x11d3b]  _ZN2CA5Layer17display_if_neededEPNS_11TransactionE+0x279
C  [QuartzCore+0x117f9]  _ZN2CA5Layer28layout_and_display_if_neededEPNS_11TransactionE+0x23
C  [QuartzCore+0x10894]  _ZN2CA7Context18commit_transactionEPNS_11TransactionE+0x146
C  [QuartzCore+0x1043d]  _ZN2CA11Transaction6commitEv+0x1e7
C  [QuartzCore+0x1bf32]  _ZN2CA11Transaction17observer_callbackEP19__CFRunLoopObservermPv+0x42
C  [CoreFoundation+0xa3127]  __CFRUNLOOP_IS_CALLING_OUT_TO_AN_OBSERVER_CALLBACK_FUNCTION__+0x17
C  [CoreFoundation+0xa304f]  __CFRunLoopDoObservers+0x20f
C  [CoreFoundation+0x85810]  __CFRunLoopRun+0x640
C  [CoreFoundation+0x84f43]  CFRunLoopRunSpecific+0x1e3
C  [java+0x6465]  CreateExecutionEnvironment+0x367
C  [java+0x218c]  JLI_Launch+0x7a0
C  [java+0x84c2]  main+0x65
C  [java+0x19e4]  start+0x34


---------------  P R O C E S S  ---------------

VM state:not at safepoint (normal execution)

VM Mutex/Monitor currently owned by a thread: None

Heap:
 PSYoungGen      total 38400K, used 9970K [0x0000000795580000, 0x0000000798000000, 0x00000007c0000000)
  eden space 33280K, 14% used [0x0000000795580000,0x0000000795a3e630,0x0000000797600000)
  from space 5120K, 99% used [0x0000000797b00000,0x0000000797ffe350,0x0000000798000000)
  to   space 5120K, 0% used [0x0000000797600000,0x0000000797600000,0x0000000797b00000)
 ParOldGen       total 87552K, used 2213K [0x0000000740000000, 0x0000000745580000, 0x0000000795580000)
  object space 87552K, 2% used [0x0000000740000000,0x00000007402296d0,0x0000000745580000)
 Metaspace       used 20155K, capacity 20668K, committed 20864K, reserved 1067008K
  class space    used 2447K, capacity 2601K, committed 2688K, reserved 1048576K

Card table byte_map: [0x000000010615d000,0x000000010655e000] byte_map_base: 0x000000010275d000

Marking Bits: (ParMarkBitMap*) 0x00000001056edd20
 Begin Bits: [0x0000000106809000, 0x0000000108809000)
 End Bits:   [0x0000000108809000, 0x000000010a809000)

Polling page: 0x0000000104466000

CodeCache: size=245760Kb used=3936Kb max_used=3946Kb free=241823Kb
 bounds [0x00000001128da000, 0x0000000112cba000, 0x00000001218da000]
 total_blobs=1746 nmethods=1105 adapters=555
 compilation: enabled

Compilation events (10 events):
Event: 4.106 Thread 0x00007fe399001800 1100       3       sun.java2d.loops.GraphicsPrimitiveMgr$1::compare (39 bytes)
Event: 4.107 Thread 0x00007fe399001800 nmethod 1100 0x0000000112cb2210 code [0x0000000112cb23a0, 0x0000000112cb28b0]
Event: 4.107 Thread 0x00007fe399829000 1101       4       sun.java2d.loops.GraphicsPrimitiveMgr$1::compare (39 bytes)
Event: 4.107 Thread 0x00007fe399001800 1102       3       sun.java2d.pipe.RenderBuffer::putInt (26 bytes)
Event: 4.107 Thread 0x00007fe399001800 nmethod 1102 0x0000000112cb2d10 code [0x0000000112cb2e80, 0x0000000112cb2ff0]
Event: 4.108 Thread 0x00007fe399829000 nmethod 1101 0x0000000112cb5d90 code [0x0000000112cb5ee0, 0x0000000112cb5ff8]
Event: 4.109 Thread 0x00007fe399001800 1105       3       java.util.concurrent.locks.AbstractQueuedSynchronizer::compareAndSetWaitStatus (13 bytes)
Event: 4.109 Thread 0x00007fe399001800 nmethod 1105 0x0000000112cb5a90 code [0x0000000112cb5be0, 0x0000000112cb5d30]
Event: 4.109 Thread 0x00007fe399001800 1104       1       java.awt.AWTEvent::getID (5 bytes)
Event: 4.109 Thread 0x00007fe399001800 nmethod 1104 0x0000000112cb57d0 code [0x0000000112cb5920, 0x0000000112cb5a30]

GC Heap History (4 events):
Event: 0.889 GC heap before
{Heap before GC invocations=1 (full 0):
 PSYoungGen      total 38400K, used 33259K [0x0000000795580000, 0x0000000798000000, 0x00000007c0000000)
  eden space 33280K, 99% used [0x0000000795580000,0x00000007975fae60,0x0000000797600000)
  from space 5120K, 0% used [0x0000000797b00000,0x0000000797b00000,0x0000000798000000)
  to   space 5120K, 0% used [0x0000000797600000,0x0000000797600000,0x0000000797b00000)
 ParOldGen       total 87552K, used 0K [0x0000000740000000, 0x0000000745580000, 0x0000000795580000)
  object space 87552K, 0% used [0x0000000740000000,0x0000000740000000,0x0000000745580000)
 Metaspace       used 8757K, capacity 9010K, committed 9088K, reserved 1056768K
  class space    used 990K, capacity 1115K, committed 1152K, reserved 1048576K
Event: 0.894 GC heap after
Heap after GC invocations=1 (full 0):
 PSYoungGen      total 38400K, used 4553K [0x0000000795580000, 0x0000000798000000, 0x00000007c0000000)
  eden space 33280K, 0% used [0x0000000795580000,0x0000000795580000,0x0000000797600000)
  from space 5120K, 88% used [0x0000000797600000,0x0000000797a72688,0x0000000797b00000)
  to   space 5120K, 0% used [0x0000000797b00000,0x0000000797b00000,0x0000000798000000)
 ParOldGen       total 87552K, used 8K [0x0000000740000000, 0x0000000745580000, 0x0000000795580000)
  object space 87552K, 0% used [0x0000000740000000,0x0000000740002000,0x0000000745580000)
 Metaspace       used 8757K, capacity 9010K, committed 9088K, reserved 1056768K
  class space    used 990K, capacity 1115K, committed 1152K, reserved 1048576K
}
Event: 1.559 GC heap before
{Heap before GC invocations=2 (full 0):
 PSYoungGen      total 38400K, used 37833K [0x0000000795580000, 0x0000000798000000, 0x00000007c0000000)
  eden space 33280K, 100% used [0x0000000795580000,0x0000000797600000,0x0000000797600000)
  from space 5120K, 88% used [0x0000000797600000,0x0000000797a72688,0x0000000797b00000)
  to   space 5120K, 0% used [0x0000000797b00000,0x0000000797b00000,0x0000000798000000)
 ParOldGen       total 87552K, used 8K [0x0000000740000000, 0x0000000745580000, 0x0000000795580000)
  object space 87552K, 0% used [0x0000000740000000,0x0000000740002000,0x0000000745580000)
 Metaspace       used 18656K, capacity 19114K, committed 19328K, reserved 1067008K
  class space    used 2260K, capacity 2386K, committed 2432K, reserved 1048576K
Event: 1.568 GC heap after
Heap after GC invocations=2 (full 0):
 PSYoungGen      total 38400K, used 5112K [0x0000000795580000, 0x0000000798000000, 0x00000007c0000000)
  eden space 33280K, 0% used [0x0000000795580000,0x0000000795580000,0x0000000797600000)
  from space 5120K, 99% used [0x0000000797b00000,0x0000000797ffe350,0x0000000798000000)
  to   space 5120K, 0% used [0x0000000797600000,0x0000000797600000,0x0000000797b00000)
 ParOldGen       total 87552K, used 2213K [0x0000000740000000, 0x0000000745580000, 0x0000000795580000)
  object space 87552K, 2% used [0x0000000740000000,0x00000007402296d0,0x0000000745580000)
 Metaspace       used 18656K, capacity 19114K, committed 19328K, reserved 1067008K
  class space    used 2260K, capacity 2386K, committed 2432K, reserved 1048576K
}

Deoptimization events (8 events):
Event: 0.518 Thread 0x00007fe398808000 Uncommon trap: reason=unstable_if action=reinterpret pc=0x0000000112a7e0bc method=java.lang.String.replace(CC)Ljava/lang/String; @ 2
Event: 0.918 Thread 0x00007fe398808000 Uncommon trap: reason=unstable_if action=reinterpret pc=0x0000000112b150fc method=java.lang.String.replace(CC)Ljava/lang/String; @ 26
Event: 1.066 Thread 0x00007fe398808000 Uncommon trap: reason=unstable_if action=reinterpret pc=0x0000000112b986d8 method=java.util.HashMap.getNode(ILjava/lang/Object;)Ljava/util/HashMap$Node; @ 62
Event: 1.066 Thread 0x00007fe398808000 Uncommon trap: reason=unstable_if action=reinterpret pc=0x0000000112b68274 method=java.util.HashMap.getNode(ILjava/lang/Object;)Ljava/util/HashMap$Node; @ 62
Event: 1.119 Thread 0x00007fe398808000 Uncommon trap: reason=unstable_if action=reinterpret pc=0x0000000112aa15a8 method=java.lang.String.indexOf([CII[CIII)I @ 3
Event: 1.350 Thread 0x00007fe398808000 Uncommon trap: reason=unstable_if action=reinterpret pc=0x0000000112b1c1a0 method=java.lang.AbstractStringBuilder.append(Ljava/lang/String;)Ljava/lang/AbstractStringBuilder; @ 1
Event: 1.351 Thread 0x00007fe398808000 Uncommon trap: reason=unstable_if action=reinterpret pc=0x0000000112af5978 method=java.lang.AbstractStringBuilder.append(Ljava/lang/String;)Ljava/lang/AbstractStringBuilder; @ 1
Event: 4.042 Thread 0x00007fe398be0000 Uncommon trap: reason=unstable_if action=reinterpret pc=0x0000000112ad7120 method=java.lang.CharacterData.of(I)Ljava/lang/CharacterData; @ 4

Internal exceptions (10 events):
Event: 1.058 Thread 0x00007fe398808000 Exception <a 'java/lang/ArrayIndexOutOfBoundsException'> (0x00000007967b4740) thrown at [/HUDSON3/workspace/8-2-build-macosx-x86_64/jdk8u101/7261/hotspot/src/share/vm/runtime/sharedRuntime.cpp, line 605]
Event: 1.058 Thread 0x00007fe398808000 Exception <a 'java/lang/ArrayIndexOutOfBoundsException'> (0x00000007967b5c20) thrown at [/HUDSON3/workspace/8-2-build-macosx-x86_64/jdk8u101/7261/hotspot/src/share/vm/runtime/sharedRuntime.cpp, line 605]
Event: 1.061 Thread 0x00007fe398808000 Exception <a 'java/lang/ArrayIndexOutOfBoundsException'> (0x00000007967c2580) thrown at [/HUDSON3/workspace/8-2-build-macosx-x86_64/jdk8u101/7261/hotspot/src/share/vm/runtime/sharedRuntime.cpp, line 605]
Event: 1.062 Thread 0x00007fe398808000 Exception <a 'java/lang/ArrayIndexOutOfBoundsException'> (0x00000007967c39d8) thrown at [/HUDSON3/workspace/8-2-build-macosx-x86_64/jdk8u101/7261/hotspot/src/share/vm/runtime/sharedRuntime.cpp, line 605]
Event: 1.062 Thread 0x00007fe398808000 Exception <a 'java/lang/ArrayIndexOutOfBoundsException'> (0x00000007967c4fb8) thrown at [/HUDSON3/workspace/8-2-build-macosx-x86_64/jdk8u101/7261/hotspot/src/share/vm/runtime/sharedRuntime.cpp, line 605]
Event: 1.203 Thread 0x00007fe398808000 Exception <a 'java/io/FileNotFoundException'> (0x0000000796d55440) thrown at [/HUDSON3/workspace/8-2-build-macosx-x86_64/jdk8u101/7261/hotspot/src/share/vm/prims/jni.cpp, line 709]
Event: 1.203 Thread 0x00007fe398808000 Exception <a 'java/io/FileNotFoundException'> (0x0000000796d56190) thrown at [/HUDSON3/workspace/8-2-build-macosx-x86_64/jdk8u101/7261/hotspot/src/share/vm/prims/jni.cpp, line 709]
Event: 1.350 Thread 0x00007fe398808000 Implicit null exception at 0x0000000112b1bdf3 to 0x0000000112b1c18d
Event: 1.351 Thread 0x00007fe398808000 Implicit null exception at 0x0000000112af55f5 to 0x0000000112af5965
Event: 1.570 Thread 0x00007fe398062000 Exception <a 'java/lang/NullPointerException'> (0x00000007955f47f8) thrown at [/HUDSON3/workspace/8-2-build-macosx-x86_64/jdk8u101/7261/hotspot/src/share/vm/interpreter/linkResolver.cpp, line 1178]

Events (10 events):
Event: 4.105 loading class org/graphstream/ui/swing/renderer/SelectionRenderer
Event: 4.105 loading class org/graphstream/ui/swing/renderer/SelectionRenderer done
Event: 4.106 loading class sun/awt/image/MultiResolutionImage
Event: 4.106 loading class sun/awt/image/MultiResolutionImage done
Event: 4.106 loading class sun/awt/image/ToolkitImage
Event: 4.106 loading class sun/awt/image/ToolkitImage done
Event: 4.106 loading class sun/java2d/opengl/OGLSurfaceDataProxy
Event: 4.106 loading class sun/java2d/opengl/OGLSurfaceDataProxy done
Event: 4.106 loading class sun/java2d/loops/GraphicsPrimitiveMgr$PrimitiveSpec
Event: 4.106 loading class sun/java2d/loops/GraphicsPrimitiveMgr$PrimitiveSpec done


Dynamic libraries:
0x0000000009a62000 	/System/Library/Frameworks/Cocoa.framework/Versions/A/Cocoa
0x0000000009a62000 	/System/Library/Frameworks/Security.framework/Versions/A/Security
0x0000000009a62000 	/System/Library/Frameworks/ApplicationServices.framework/Versions/A/ApplicationServices
0x0000000009a62000 	/usr/lib/libz.1.dylib
0x0000000009a62000 	/usr/lib/libSystem.B.dylib
0x0000000009a62000 	/usr/lib/libobjc.A.dylib
0x0000000009a62000 	/System/Library/Frameworks/CoreFoundation.framework/Versions/A/CoreFoundation
0x0000000009a62000 	/System/Library/Frameworks/Foundation.framework/Versions/C/Foundation
0x0000000009a62000 	/System/Library/Frameworks/AppKit.framework/Versions/C/AppKit
0x0000000009a62000 	/System/Library/Frameworks/CoreData.framework/Versions/A/CoreData
0x0000000009a62000 	/System/Library/PrivateFrameworks/RemoteViewServices.framework/Versions/A/RemoteViewServices
0x0000000009a62000 	/System/Library/PrivateFrameworks/UIFoundation.framework/Versions/A/UIFoundation
0x0000000009a62000 	/System/Library/PrivateFrameworks/DFRFoundation.framework/Versions/A/DFRFoundation
0x0000000009a62000 	/System/Library/Frameworks/Metal.framework/Versions/A/Metal
0x0000000009a62000 	/System/Library/PrivateFrameworks/DesktopServicesPriv.framework/Versions/A/DesktopServicesPriv
0x0000000009a62000 	/usr/lib/libenergytrace.dylib
0x0000000009a62000 	/System/Library/PrivateFrameworks/SkyLight.framework/Versions/A/SkyLight
0x0000000009a62000 	/System/Library/Frameworks/CoreGraphics.framework/Versions/A/CoreGraphics
0x0000000009a62000 	/usr/lib/libScreenReader.dylib
0x0000000009a62000 	/System/Library/Frameworks/Accelerate.framework/Versions/A/Accelerate
0x0000000009a62000 	/System/Library/Frameworks/IOSurface.framework/Versions/A/IOSurface
0x0000000009a62000 	/System/Library/Frameworks/AudioToolbox.framework/Versions/A/AudioToolbox
0x0000000009a62000 	/System/Library/Frameworks/AudioUnit.framework/Versions/A/AudioUnit
0x0000000009a62000 	/System/Library/PrivateFrameworks/DataDetectorsCore.framework/Versions/A/DataDetectorsCore
0x0000000009a62000 	/System/Library/Frameworks/Carbon.framework/Versions/A/Frameworks/HIToolbox.framework/Versions/A/HIToolbox
0x0000000009a62000 	/usr/lib/libicucore.A.dylib
0x0000000009a62000 	/System/Library/Frameworks/QuartzCore.framework/Versions/A/QuartzCore
0x0000000009a62000 	/System/Library/Frameworks/Carbon.framework/Versions/A/Frameworks/SpeechRecognition.framework/Versions/A/SpeechRecognition
0x0000000009a62000 	/usr/lib/libauto.dylib
0x0000000009a62000 	/usr/lib/libxml2.2.dylib
0x0000000009a62000 	/System/Library/PrivateFrameworks/CoreUI.framework/Versions/A/CoreUI
0x0000000009a62000 	/System/Library/Frameworks/CoreAudio.framework/Versions/A/CoreAudio
0x0000000009a62000 	/System/Library/Frameworks/DiskArbitration.framework/Versions/A/DiskArbitration
0x0000000009a62000 	/usr/lib/liblangid.dylib
0x0000000009a62000 	/System/Library/PrivateFrameworks/MultitouchSupport.framework/Versions/A/MultitouchSupport
0x0000000009a62000 	/System/Library/Frameworks/IOKit.framework/Versions/A/IOKit
0x0000000009a62000 	/usr/lib/libDiagnosticMessagesClient.dylib
0x0000000009a62000 	/System/Library/Frameworks/CoreServices.framework/Versions/A/CoreServices
0x0000000009a62000 	/System/Library/PrivateFrameworks/PerformanceAnalysis.framework/Versions/A/PerformanceAnalysis
0x0000000009a62000 	/System/Library/Frameworks/OpenGL.framework/Versions/A/OpenGL
0x0000000009a62000 	/System/Library/Frameworks/ColorSync.framework/Versions/A/ColorSync
0x0000000009a62000 	/System/Library/Frameworks/CoreImage.framework/Versions/A/CoreImage
0x0000000009a62000 	/System/Library/Frameworks/CoreText.framework/Versions/A/CoreText
0x0000000009a62000 	/System/Library/Frameworks/ImageIO.framework/Versions/A/ImageIO
0x0000000009a62000 	/System/Library/PrivateFrameworks/Backup.framework/Versions/A/Backup
0x0000000009a62000 	/usr/lib/libarchive.2.dylib
0x0000000009a62000 	/System/Library/Frameworks/CFNetwork.framework/Versions/A/CFNetwork
0x0000000009a62000 	/System/Library/Frameworks/SystemConfiguration.framework/Versions/A/SystemConfiguration
0x0000000009a62000 	/usr/lib/libCRFSuite.dylib
0x0000000009a62000 	/usr/lib/libc++.1.dylib
0x0000000009a62000 	/usr/lib/libc++abi.dylib
0x0000000009a62000 	/usr/lib/system/libcache.dylib
0x0000000009a62000 	/usr/lib/system/libcommonCrypto.dylib
0x0000000009a62000 	/usr/lib/system/libcompiler_rt.dylib
0x0000000009a62000 	/usr/lib/system/libcopyfile.dylib
0x0000000009a62000 	/usr/lib/system/libcorecrypto.dylib
0x0000000009a62000 	/usr/lib/system/libdispatch.dylib
0x0000000009a62000 	/usr/lib/system/libdyld.dylib
0x0000000009a62000 	/usr/lib/system/libkeymgr.dylib
0x0000000009a62000 	/usr/lib/system/liblaunch.dylib
0x0000000009a62000 	/usr/lib/system/libmacho.dylib
0x0000000009a62000 	/usr/lib/system/libquarantine.dylib
0x0000000009a62000 	/usr/lib/system/libremovefile.dylib
0x0000000009a62000 	/usr/lib/system/libsystem_asl.dylib
0x0000000009a62000 	/usr/lib/system/libsystem_blocks.dylib
0x0000000009a62000 	/usr/lib/system/libsystem_c.dylib
0x0000000009a62000 	/usr/lib/system/libsystem_configuration.dylib
0x0000000009a62000 	/usr/lib/system/libsystem_coreservices.dylib
0x0000000009a62000 	/usr/lib/system/libsystem_darwin.dylib
0x0000000009a62000 	/usr/lib/system/libsystem_dnssd.dylib
0x0000000009a62000 	/usr/lib/system/libsystem_info.dylib
0x0000000009a62000 	/usr/lib/system/libsystem_m.dylib
0x0000000009a62000 	/usr/lib/system/libsystem_malloc.dylib
0x0000000009a62000 	/usr/lib/system/libsystem_network.dylib
0x0000000009a62000 	/usr/lib/system/libsystem_networkextension.dylib
0x0000000009a62000 	/usr/lib/system/libsystem_notify.dylib
0x0000000009a62000 	/usr/lib/system/libsystem_sandbox.dylib
0x0000000009a62000 	/usr/lib/system/libsystem_secinit.dylib
0x0000000009a62000 	/usr/lib/system/libsystem_kernel.dylib
0x0000000009a62000 	/usr/lib/system/libsystem_platform.dylib
0x0000000009a62000 	/usr/lib/system/libsystem_pthread.dylib
0x0000000009a62000 	/usr/lib/system/libsystem_symptoms.dylib
0x0000000009a62000 	/usr/lib/system/libsystem_trace.dylib
0x0000000009a62000 	/usr/lib/system/libunwind.dylib
0x0000000009a62000 	/usr/lib/system/libxpc.dylib
0x0000000009a62000 	/usr/lib/closure/libclosured.dylib
0x0000000009a62000 	/usr/lib/libbsm.0.dylib
0x0000000009a62000 	/usr/lib/system/libkxld.dylib
0x0000000009a62000 	/usr/lib/libOpenScriptingUtil.dylib
0x0000000009a62000 	/usr/lib/libcoretls.dylib
0x0000000009a62000 	/usr/lib/libcoretls_cfhelpers.dylib
0x0000000009a62000 	/usr/lib/libpam.2.dylib
0x0000000009a62000 	/usr/lib/libsqlite3.dylib
0x0000000009a62000 	/usr/lib/libxar.1.dylib
0x0000000009a62000 	/usr/lib/libbz2.1.0.dylib
0x0000000009a62000 	/usr/lib/liblzma.5.dylib
0x0000000009a62000 	/usr/lib/libnetwork.dylib
0x0000000009a62000 	/usr/lib/libapple_nghttp2.dylib
0x0000000009a62000 	/usr/lib/libpcap.A.dylib
0x0000000009a62000 	/usr/lib/libboringssl.dylib
0x0000000009a62000 	/usr/lib/libusrtcp.dylib
0x0000000009a62000 	/usr/lib/libapple_crypto.dylib
0x0000000009a62000 	/System/Library/Frameworks/CoreServices.framework/Versions/A/Frameworks/FSEvents.framework/Versions/A/FSEvents
0x0000000009a62000 	/System/Library/Frameworks/CoreServices.framework/Versions/A/Frameworks/CarbonCore.framework/Versions/A/CarbonCore
0x0000000009a62000 	/System/Library/Frameworks/CoreServices.framework/Versions/A/Frameworks/Metadata.framework/Versions/A/Metadata
0x0000000009a62000 	/System/Library/Frameworks/CoreServices.framework/Versions/A/Frameworks/OSServices.framework/Versions/A/OSServices
0x0000000009a62000 	/System/Library/Frameworks/CoreServices.framework/Versions/A/Frameworks/SearchKit.framework/Versions/A/SearchKit
0x0000000009a62000 	/System/Library/Frameworks/CoreServices.framework/Versions/A/Frameworks/AE.framework/Versions/A/AE
0x0000000009a62000 	/System/Library/Frameworks/CoreServices.framework/Versions/A/Frameworks/LaunchServices.framework/Versions/A/LaunchServices
0x0000000009a62000 	/System/Library/Frameworks/CoreServices.framework/Versions/A/Frameworks/DictionaryServices.framework/Versions/A/DictionaryServices
0x0000000009a62000 	/System/Library/Frameworks/CoreServices.framework/Versions/A/Frameworks/SharedFileList.framework/Versions/A/SharedFileList
0x0000000009a62000 	/System/Library/Frameworks/NetFS.framework/Versions/A/NetFS
0x0000000009a62000 	/System/Library/PrivateFrameworks/NetAuth.framework/Versions/A/NetAuth
0x0000000009a62000 	/System/Library/PrivateFrameworks/login.framework/Versions/A/Frameworks/loginsupport.framework/Versions/A/loginsupport
0x0000000009a62000 	/System/Library/PrivateFrameworks/TCC.framework/Versions/A/TCC
0x0000000009a62000 	/usr/lib/libmecabra.dylib
0x0000000009a62000 	/System/Library/Frameworks/ApplicationServices.framework/Versions/A/Frameworks/ATS.framework/Versions/A/ATS
0x0000000009a62000 	/System/Library/Frameworks/ApplicationServices.framework/Versions/A/Frameworks/ColorSyncLegacy.framework/Versions/A/ColorSyncLegacy
0x0000000009a62000 	/System/Library/Frameworks/ApplicationServices.framework/Versions/A/Frameworks/HIServices.framework/Versions/A/HIServices
0x0000000009a62000 	/System/Library/Frameworks/ApplicationServices.framework/Versions/A/Frameworks/LangAnalysis.framework/Versions/A/LangAnalysis
0x0000000009a62000 	/System/Library/Frameworks/ApplicationServices.framework/Versions/A/Frameworks/PrintCore.framework/Versions/A/PrintCore
0x0000000009a62000 	/System/Library/Frameworks/ApplicationServices.framework/Versions/A/Frameworks/QD.framework/Versions/A/QD
0x0000000009a62000 	/System/Library/Frameworks/ApplicationServices.framework/Versions/A/Frameworks/SpeechSynthesis.framework/Versions/A/SpeechSynthesis
0x0000000009a62000 	/System/Library/Frameworks/CoreDisplay.framework/Versions/A/CoreDisplay
0x0000000009a62000 	/System/Library/Frameworks/Accelerate.framework/Versions/A/Frameworks/vImage.framework/Versions/A/vImage
0x0000000009a62000 	/System/Library/Frameworks/Accelerate.framework/Versions/A/Frameworks/vecLib.framework/Versions/A/vecLib
0x0000000009a62000 	/System/Library/Frameworks/Accelerate.framework/Versions/A/Frameworks/vecLib.framework/Versions/A/libvDSP.dylib
0x0000000009a62000 	/System/Library/Frameworks/Accelerate.framework/Versions/A/Frameworks/vecLib.framework/Versions/A/libBNNS.dylib
0x0000000009a62000 	/System/Library/Frameworks/Accelerate.framework/Versions/A/Frameworks/vecLib.framework/Versions/A/libQuadrature.dylib
0x0000000009a62000 	/System/Library/Frameworks/Accelerate.framework/Versions/A/Frameworks/vecLib.framework/Versions/A/libvMisc.dylib
0x0000000009a62000 	/System/Library/Frameworks/Accelerate.framework/Versions/A/Frameworks/vecLib.framework/Versions/A/libLAPACK.dylib
0x0000000009a62000 	/System/Library/Frameworks/Accelerate.framework/Versions/A/Frameworks/vecLib.framework/Versions/A/libBLAS.dylib
0x0000000009a62000 	/System/Library/Frameworks/Accelerate.framework/Versions/A/Frameworks/vecLib.framework/Versions/A/libLinearAlgebra.dylib
0x0000000009a62000 	/System/Library/Frameworks/Accelerate.framework/Versions/A/Frameworks/vecLib.framework/Versions/A/libSparse.dylib
0x0000000009a62000 	/System/Library/Frameworks/Accelerate.framework/Versions/A/Frameworks/vecLib.framework/Versions/A/libSparseBLAS.dylib
0x0000000009a62000 	/System/Library/PrivateFrameworks/IOAccelerator.framework/Versions/A/IOAccelerator
0x0000000009a62000 	/System/Library/PrivateFrameworks/IOPresentment.framework/Versions/A/IOPresentment
0x0000000009a62000 	/System/Library/PrivateFrameworks/DSExternalDisplay.framework/Versions/A/DSExternalDisplay
0x0000000009a62000 	/System/Library/Frameworks/OpenGL.framework/Versions/A/Libraries/libCoreFSCache.dylib
0x0000000009a62000 	/System/Library/Frameworks/CoreVideo.framework/Versions/A/CoreVideo
0x0000000009a62000 	/System/Library/PrivateFrameworks/GraphVisualizer.framework/Versions/A/GraphVisualizer
0x0000000009a62000 	/System/Library/Frameworks/MetalPerformanceShaders.framework/Versions/A/MetalPerformanceShaders
0x0000000009a62000 	/usr/lib/libFosl_dynamic.dylib
0x0000000009a62000 	/System/Library/PrivateFrameworks/FaceCore.framework/Versions/A/FaceCore
0x0000000009a62000 	/System/Library/Frameworks/OpenCL.framework/Versions/A/OpenCL
0x0000000009a62000 	/usr/lib/libcompression.dylib
0x0000000009a62000 	/System/Library/Frameworks/ApplicationServices.framework/Versions/A/Frameworks/ATS.framework/Versions/A/Resources/libFontParser.dylib
0x0000000009a62000 	/System/Library/Frameworks/ApplicationServices.framework/Versions/A/Frameworks/ATS.framework/Versions/A/Resources/libFontRegistry.dylib
0x0000000009a62000 	/System/Library/Frameworks/ImageIO.framework/Versions/A/Resources/libJPEG.dylib
0x0000000009a62000 	/System/Library/Frameworks/ImageIO.framework/Versions/A/Resources/libTIFF.dylib
0x0000000009a62000 	/System/Library/Frameworks/ImageIO.framework/Versions/A/Resources/libPng.dylib
0x0000000009a62000 	/System/Library/Frameworks/ImageIO.framework/Versions/A/Resources/libGIF.dylib
0x0000000009a62000 	/System/Library/Frameworks/ImageIO.framework/Versions/A/Resources/libJP2.dylib
0x0000000009a62000 	/System/Library/Frameworks/ImageIO.framework/Versions/A/Resources/libRadiance.dylib
0x0000000009a62000 	/System/Library/PrivateFrameworks/AppleJPEG.framework/Versions/A/AppleJPEG
0x0000000009a62000 	/System/Library/PrivateFrameworks/MetalTools.framework/Versions/A/MetalTools
0x0000000009a62000 	/System/Library/Frameworks/MetalPerformanceShaders.framework/Frameworks/MPSCore.framework/Versions/A/MPSCore
0x0000000009a62000 	/System/Library/Frameworks/MetalPerformanceShaders.framework/Frameworks/MPSImage.framework/Versions/A/MPSImage
0x0000000009a62000 	/System/Library/Frameworks/MetalPerformanceShaders.framework/Frameworks/MPSMatrix.framework/Versions/A/MPSMatrix
0x0000000009a62000 	/System/Library/Frameworks/MetalPerformanceShaders.framework/Frameworks/MPSNeuralNetwork.framework/Versions/A/MPSNeuralNetwork
0x0000000009a62000 	/System/Library/Frameworks/OpenGL.framework/Versions/A/Libraries/libGLU.dylib
0x0000000009a62000 	/System/Library/Frameworks/OpenGL.framework/Versions/A/Libraries/libGFXShared.dylib
0x0000000009a62000 	/System/Library/Frameworks/OpenGL.framework/Versions/A/Libraries/libGL.dylib
0x0000000009a62000 	/System/Library/Frameworks/OpenGL.framework/Versions/A/Libraries/libGLImage.dylib
0x0000000009a62000 	/System/Library/Frameworks/OpenGL.framework/Versions/A/Libraries/libCVMSPluginSupport.dylib
0x0000000009a62000 	/System/Library/Frameworks/OpenGL.framework/Versions/A/Libraries/libCoreVMClient.dylib
0x0000000009a62000 	/usr/lib/libcups.2.dylib
0x0000000009a62000 	/System/Library/Frameworks/Kerberos.framework/Versions/A/Kerberos
0x0000000009a62000 	/System/Library/Frameworks/GSS.framework/Versions/A/GSS
0x0000000009a62000 	/usr/lib/libresolv.9.dylib
0x0000000009a62000 	/usr/lib/libiconv.2.dylib
0x0000000009a62000 	/System/Library/PrivateFrameworks/Heimdal.framework/Versions/A/Heimdal
0x0000000009a62000 	/usr/lib/libheimdal-asn1.dylib
0x0000000009a62000 	/System/Library/Frameworks/OpenDirectory.framework/Versions/A/OpenDirectory
0x0000000009a62000 	/System/Library/PrivateFrameworks/CommonAuth.framework/Versions/A/CommonAuth
0x0000000009a62000 	/System/Library/Frameworks/OpenDirectory.framework/Versions/A/Frameworks/CFOpenDirectory.framework/Versions/A/CFOpenDirectory
0x0000000009a62000 	/System/Library/Frameworks/SecurityFoundation.framework/Versions/A/SecurityFoundation
0x0000000009a62000 	/System/Library/PrivateFrameworks/APFS.framework/Versions/A/APFS
0x0000000009a62000 	/usr/lib/libutil.dylib
0x0000000009a62000 	/System/Library/PrivateFrameworks/AppleSauce.framework/Versions/A/AppleSauce
0x0000000009a62000 	/System/Library/PrivateFrameworks/LinguisticData.framework/Versions/A/LinguisticData
0x0000000009a62000 	/usr/lib/libmarisa.dylib
0x0000000009a62000 	/System/Library/PrivateFrameworks/Lexicon.framework/Versions/A/Lexicon
0x0000000009a62000 	/usr/lib/libChineseTokenizer.dylib
0x0000000009a62000 	/usr/lib/libcmph.dylib
0x0000000009a62000 	/System/Library/PrivateFrameworks/LanguageModeling.framework/Versions/A/LanguageModeling
0x0000000009a62000 	/System/Library/PrivateFrameworks/CoreEmoji.framework/Versions/A/CoreEmoji
0x0000000009a62000 	/System/Library/Frameworks/ServiceManagement.framework/Versions/A/ServiceManagement
0x0000000009a62000 	/System/Library/PrivateFrameworks/BackgroundTaskManagement.framework/Versions/A/BackgroundTaskManagement
0x0000000009a62000 	/usr/lib/libxslt.1.dylib
0x0000000009a62000 	/System/Library/Frameworks/Carbon.framework/Versions/A/Frameworks/Ink.framework/Versions/A/Ink
0x0000000009a62000 	/System/Library/PrivateFrameworks/TextureIO.framework/Versions/A/TextureIO
0x0000000009a62000 	/usr/lib/libate.dylib
0x0000000009a62000 	/System/Library/PrivateFrameworks/CrashReporterSupport.framework/Versions/A/CrashReporterSupport
0x0000000009a62000 	/System/Library/PrivateFrameworks/Sharing.framework/Versions/A/Sharing
0x0000000009a62000 	/System/Library/PrivateFrameworks/IconServices.framework/Versions/A/IconServices
0x0000000009a62000 	/System/Library/PrivateFrameworks/ProtocolBuffer.framework/Versions/A/ProtocolBuffer
0x0000000009a62000 	/System/Library/PrivateFrameworks/Apple80211.framework/Versions/A/Apple80211
0x0000000009a62000 	/System/Library/Frameworks/CoreWLAN.framework/Versions/A/CoreWLAN
0x0000000009a62000 	/System/Library/PrivateFrameworks/CoreUtils.framework/Versions/A/CoreUtils
0x0000000009a62000 	/System/Library/Frameworks/IOBluetooth.framework/Versions/A/IOBluetooth
0x0000000009a62000 	/System/Library/PrivateFrameworks/CoreWiFi.framework/Versions/A/CoreWiFi
0x0000000009a62000 	/System/Library/Frameworks/CoreBluetooth.framework/Versions/A/CoreBluetooth
0x0000000009a62000 	/System/Library/PrivateFrameworks/SignpostNotification.framework/Versions/A/SignpostNotification
0x0000000009a62000 	/System/Library/PrivateFrameworks/DebugSymbols.framework/Versions/A/DebugSymbols
0x0000000009a62000 	/System/Library/PrivateFrameworks/CoreSymbolication.framework/Versions/A/CoreSymbolication
0x0000000009a62000 	/System/Library/PrivateFrameworks/Symbolication.framework/Versions/A/Symbolication
0x0000000009a62000 	/System/Library/PrivateFrameworks/AppleFSCompression.framework/Versions/A/AppleFSCompression
0x0000000009a62000 	/System/Library/PrivateFrameworks/SpeechRecognitionCore.framework/Versions/A/SpeechRecognitionCore
0x0000000104e00000 	/Library/Java/JavaVirtualMachines/jdk1.8.0_101.jdk/Contents/Home/jre/lib/server/libjvm.dylib
0x0000000009a62000 	/usr/lib/libstdc++.6.0.9.dylib
0x0000000104423000 	/Library/Java/JavaVirtualMachines/jdk1.8.0_101.jdk/Contents/Home/jre/lib/libverify.dylib
0x0000000104431000 	/Library/Java/JavaVirtualMachines/jdk1.8.0_101.jdk/Contents/Home/jre/lib/libjava.dylib
0x00000001044b0000 	/Library/Java/JavaVirtualMachines/jdk1.8.0_101.jdk/Contents/Home/jre/lib/libzip.dylib
0x0000000009a62000 	/System/Library/Frameworks/JavaVM.framework/Versions/A/Frameworks/JavaRuntimeSupport.framework/Versions/A/JavaRuntimeSupport
0x0000000009a62000 	/System/Library/Frameworks/JavaVM.framework/Versions/A/Frameworks/JavaNativeFoundation.framework/Versions/A/JavaNativeFoundation
0x0000000009a62000 	/System/Library/Frameworks/JavaVM.framework/Versions/A/JavaVM
0x0000000009a62000 	/System/Library/Frameworks/Carbon.framework/Versions/A/Carbon
0x0000000009a62000 	/System/Library/PrivateFrameworks/JavaLaunching.framework/Versions/A/JavaLaunching
0x0000000009a62000 	/System/Library/Frameworks/Carbon.framework/Versions/A/Frameworks/CommonPanels.framework/Versions/A/CommonPanels
0x0000000009a62000 	/System/Library/Frameworks/Carbon.framework/Versions/A/Frameworks/Help.framework/Versions/A/Help
0x0000000009a62000 	/System/Library/Frameworks/Carbon.framework/Versions/A/Frameworks/ImageCapture.framework/Versions/A/ImageCapture
0x0000000009a62000 	/System/Library/Frameworks/Carbon.framework/Versions/A/Frameworks/OpenScripting.framework/Versions/A/OpenScripting
0x0000000009a62000 	/System/Library/Frameworks/Carbon.framework/Versions/A/Frameworks/Print.framework/Versions/A/Print
0x0000000009a62000 	/System/Library/Frameworks/Carbon.framework/Versions/A/Frameworks/SecurityHI.framework/Versions/A/SecurityHI
0x000000010e01e000 	/Library/Java/JavaVirtualMachines/jdk1.8.0_101.jdk/Contents/Home/jre/lib/libprism_es2.dylib
0x0000000009a62000 	/System/Library/PrivateFrameworks/CoreServicesInternal.framework/Versions/A/CoreServicesInternal
0x0000000009a62000 	/System/Library/Frameworks/OpenGL.framework/Versions/A/Resources/GLEngine.bundle/GLEngine
0x0000000009a62000 	/System/Library/Frameworks/OpenGL.framework/Versions/A/Libraries/libGLProgrammability.dylib
0x000000010e0c7000 	/System/Library/Extensions/AppleIntelHD5000GraphicsGLDriver.bundle/Contents/MacOS/AppleIntelHD5000GraphicsGLDriver
0x0000000009a62000 	/System/Library/PrivateFrameworks/GPUSupport.framework/Versions/A/Libraries/libGPUSupportMercury.dylib
0x0000000009a62000 	/System/Library/Frameworks/OpenGL.framework/Versions/A/Resources/GLRendererFloat.bundle/GLRendererFloat
0x0000000009a62000 	/System/Library/Frameworks/OpenCL.framework/Versions/A/Libraries/libcldcpuengine.dylib
0x0000000009a62000 	/usr/lib/libcrypto.35.dylib
0x0000000009a62000 	/System/Library/PrivateFrameworks/TrustEvaluationAgent.framework/Versions/A/TrustEvaluationAgent
0x000000010ec5c000 	/Library/Java/JavaVirtualMachines/jdk1.8.0_101.jdk/Contents/Home/jre/lib/libglass.dylib
0x0000000009a62000 	/System/Library/CoreServices/RawCamera.bundle/Contents/MacOS/RawCamera
0x0000000009a62000 	/System/Library/PrivateFrameworks/MobileAsset.framework/Versions/A/MobileAsset
0x0000000009a62000 	/System/Library/PrivateFrameworks/StreamingZip.framework/Versions/A/StreamingZip
0x0000000009a62000 	/System/Library/Frameworks/MediaToolbox.framework/Versions/A/MediaToolbox
0x0000000009a62000 	/System/Library/PrivateFrameworks/CoreAVCHD.framework/Versions/A/CoreAVCHD
0x0000000009a62000 	/System/Library/Frameworks/MediaAccessibility.framework/Versions/A/MediaAccessibility
0x0000000009a62000 	/System/Library/PrivateFrameworks/Mangrove.framework/Versions/A/Mangrove
0x0000000009a62000 	/System/Library/Frameworks/CoreMedia.framework/Versions/A/CoreMedia
0x0000000009a62000 	/System/Library/Frameworks/VideoToolbox.framework/Versions/A/VideoToolbox
0x0000000009a62000 	/System/Library/PrivateFrameworks/CoreAUC.framework/Versions/A/CoreAUC
0x0000000009a62000 	/usr/lib/libspindump.dylib
0x0000000009a62000 	/usr/lib/libdscsym.dylib
0x0000000009a62000 	/System/Library/PrivateFrameworks/AppleVA.framework/Versions/A/AppleVA
0x0000000009a62000 	/System/Library/Frameworks/Accelerate.framework/Versions/A/Frameworks/vImage.framework/Versions/A/Libraries/libCGInterfaces.dylib
0x0000000009a62000 	/System/Library/PrivateFrameworks/FamilyControls.framework/Versions/A/FamilyControls
0x0000000009a62000 	/System/Library/PrivateFrameworks/CommerceKit.framework/Versions/A/Frameworks/CommerceCore.framework/Versions/A/CommerceCore
0x0000000009a62000 	/System/Library/PrivateFrameworks/SystemAdministration.framework/Versions/A/SystemAdministration
0x0000000009a62000 	/System/Library/PrivateFrameworks/AppContainer.framework/Versions/A/AppContainer
0x0000000009a62000 	/System/Library/PrivateFrameworks/SecCodeWrapper.framework/Versions/A/SecCodeWrapper
0x0000000009a62000 	/System/Library/PrivateFrameworks/DiskManagement.framework/Versions/A/DiskManagement
0x0000000009a62000 	/System/Library/Frameworks/DirectoryService.framework/Versions/A/DirectoryService
0x0000000009a62000 	/System/Library/PrivateFrameworks/DiskImages.framework/Versions/A/DiskImages
0x0000000009a62000 	/System/Library/PrivateFrameworks/LoginUIKit.framework/Versions/A/Frameworks/LoginUICore.framework/Versions/A/LoginUICore
0x0000000009a62000 	/usr/lib/libCoreStorage.dylib
0x0000000009a62000 	/usr/lib/libcsfde.dylib
0x0000000009a62000 	/usr/lib/libodfde.dylib
0x0000000009a62000 	/System/Library/PrivateFrameworks/MediaKit.framework/Versions/A/MediaKit
0x0000000009a62000 	/System/Library/Frameworks/DiscRecording.framework/Versions/A/DiscRecording
0x0000000009a62000 	/System/Library/PrivateFrameworks/EFILogin.framework/Versions/A/EFILogin
0x0000000009a62000 	/System/Library/PrivateFrameworks/ProtectedCloudStorage.framework/Versions/A/ProtectedCloudStorage
0x0000000009a62000 	/usr/lib/libcurl.4.dylib
0x0000000009a62000 	/usr/lib/libssl.35.dylib
0x0000000009a62000 	/System/Library/Frameworks/LDAP.framework/Versions/A/LDAP
0x0000000009a62000 	/usr/lib/libsasl2.2.dylib
0x0000000009a62000 	/System/Library/PrivateFrameworks/CoreDaemon.framework/Versions/B/CoreDaemon
0x0000000009a62000 	/System/Library/PrivateFrameworks/AppleSRP.framework/Versions/A/AppleSRP
0x0000000009a62000 	/System/Library/Frameworks/ApplicationServices.framework/Versions/A/Frameworks/ATS.framework/Versions/A/Resources/libTrueTypeScaler.dylib
0x0000000009a62000 	/System/Library/Extensions/AppleIntelHD5000GraphicsMTLDriver.bundle/Contents/MacOS/AppleIntelHD5000GraphicsMTLDriver
0x0000000009a62000 	/System/Library/PrivateFrameworks/GPUCompiler.framework/Versions/3802/Libraries/libmetal_timestamp.dylib
0x0000000009a62000 	/System/Library/PrivateFrameworks/ViewBridge.framework/Versions/A/ViewBridge
0x00000001218da000 	/Library/Java/JavaVirtualMachines/jdk1.8.0_101.jdk/Contents/Home/jre/lib/libawt.dylib
0x0000000121982000 	/Library/Java/JavaVirtualMachines/jdk1.8.0_101.jdk/Contents/Home/jre/lib/./libmlib_image.dylib
0x0000000121a4e000 	/Library/Java/JavaVirtualMachines/jdk1.8.0_101.jdk/Contents/Home/jre/lib/libawt_lwawt.dylib
0x000000010f377000 	/Library/Java/JavaVirtualMachines/jdk1.8.0_101.jdk/Contents/Home/jre/lib/./libosxapp.dylib
0x0000000009a62000 	/System/Library/Frameworks/ExceptionHandling.framework/Versions/A/ExceptionHandling
0x000000010f393000 	/Library/Java/JavaVirtualMachines/jdk1.8.0_101.jdk/Contents/Home/jre/lib/libfontmanager.dylib
0x000000010f3fa000 	/Library/Java/JavaVirtualMachines/jdk1.8.0_101.jdk/Contents/Home/jre/lib/libosxui.dylib
0x0000000124de7000 	/Library/Java/JavaVirtualMachines/jdk1.8.0_101.jdk/Contents/Home/jre/lib/libnet.dylib
0x000000010f869000 	/Library/Java/JavaVirtualMachines/jdk1.8.0_101.jdk/Contents/Home/jre/lib/libnio.dylib
0x0000000151f52000 	/Library/Java/JavaVirtualMachines/jdk1.8.0_101.jdk/Contents/Home/jre/lib/libdcpr.dylib

VM Arguments:
jvm_args: -Dfile.encoding=UTF-8 
java_command: l4project.PrintSG
java_class_path (initial): /Users/Tomas/git/L4-Project/target/classes:/Users/Tomas/.m2/repository/org/apache/maven/plugins/maven-compiler-plugin/3.8.1/maven-compiler-plugin-3.8.1.jar:/Users/Tomas/.m2/repository/org/apache/maven/maven-plugin-api/3.0/maven-plugin-api-3.0.jar:/Users/Tomas/.m2/repository/org/apache/maven/maven-model/3.0/maven-model-3.0.jar:/Users/Tomas/.m2/repository/org/sonatype/sisu/sisu-inject-plexus/1.4.2/sisu-inject-plexus-1.4.2.jar:/Users/Tomas/.m2/repository/org/sonatype/sisu/sisu-inject-bean/1.4.2/sisu-inject-bean-1.4.2.jar:/Users/Tomas/.m2/repository/org/sonatype/sisu/sisu-guice/2.1.7/sisu-guice-2.1.7-noaop.jar:/Users/Tomas/.m2/repository/org/apache/maven/maven-artifact/3.0/maven-artifact-3.0.jar:/Users/Tomas/.m2/repository/org/codehaus/plexus/plexus-utils/2.0.4/plexus-utils-2.0.4.jar:/Users/Tomas/.m2/repository/org/apache/maven/maven-core/3.0/maven-core-3.0.jar:/Users/Tomas/.m2/repository/org/apache/maven/maven-settings/3.0/maven-settings-3.0.jar:/Users/Tomas/.m2/repository/org/apache/maven/maven-settings-builder/3.0/maven-settings-builder-3.0.jar:/Users/Tomas/.m2/repository/org/apache/maven/maven-repository-metadata/3.0/maven-repository-metadata-3.0.jar:/Users/Tomas/.m2/repository/org/apache/maven/maven-model-builder/3.0/maven-model-builder-3.0.jar:/Users/Tomas/.m2/repository/org/apache/maven/maven-aether-provider/3.0/maven-aether-provider-3.0.jar:/Users/Tomas/.m2/repository/org/sonatype/aether/aether-impl/1.7/aether-impl-1.7.jar:/Users/Tomas/.m2/repository/org/sonatype/aether/aether-spi/1.7/aether-spi-1.7.jar:/Users/Tomas/.m2/repository/org/sonatype/aether/aether-api/1.7/aether-api-1.7.jar:/Users/Tomas/.m2/repository/org/sonatype/aether/aether-util/1.7/aether-util-1.7.jar:/Users/Tomas/.m2/repository/org/codehaus/plexus/plexus-interpolation/1.14/plexus-interpolation-1.14.jar:/Users/Tomas/.m2/repository/org/codehaus/plexus/plexus-classworlds/2.2.3/plexus-classworlds-2.2.3.jar:/Users/Tomas/.m2/repository/org/codehaus/plexus/plexus-component-a
Launcher Type: SUN_STANDARD

Environment Variables:
PATH=/usr/bin:/bin:/usr/sbin:/sbin
SHELL=/bin/bash

Signal Handlers:
SIGSEGV: [libjvm.dylib+0x5af145], sa_mask[0]=11111111011111110111111111111111, sa_flags=SA_ONSTACK|SA_RESTART|SA_SIGINFO
SIGBUS: [libjvm.dylib+0x5af145], sa_mask[0]=11111111011111110111111111111111, sa_flags=SA_RESTART|SA_SIGINFO
SIGFPE: [libjvm.dylib+0x48694c], sa_mask[0]=11111111011111110111111111111111, sa_flags=SA_RESTART|SA_SIGINFO
SIGPIPE: [libjvm.dylib+0x48694c], sa_mask[0]=11111111011111110111111111111111, sa_flags=SA_RESTART|SA_SIGINFO
SIGXFSZ: [libjvm.dylib+0x48694c], sa_mask[0]=11111111011111110111111111111111, sa_flags=SA_RESTART|SA_SIGINFO
SIGILL: [libjvm.dylib+0x48694c], sa_mask[0]=11111111011111110111111111111111, sa_flags=SA_RESTART|SA_SIGINFO
SIGUSR1: SIG_DFL, sa_mask[0]=00000000000000000000000000000000, sa_flags=none
SIGUSR2: [libjvm.dylib+0x48646a], sa_mask[0]=00100000000000000000000000000000, sa_flags=SA_RESTART|SA_SIGINFO
SIGHUP: [libjvm.dylib+0x484a41], sa_mask[0]=11111111011111110111111111111111, sa_flags=SA_RESTART|SA_SIGINFO
SIGINT: [libjvm.dylib+0x484a41], sa_mask[0]=11111111011111110111111111111111, sa_flags=SA_RESTART|SA_SIGINFO
SIGTERM: [libjvm.dylib+0x484a41], sa_mask[0]=11111111011111110111111111111111, sa_flags=SA_RESTART|SA_SIGINFO
SIGQUIT: [libjvm.dylib+0x484a41], sa_mask[0]=11111111011111110111111111111111, sa_flags=SA_RESTART|SA_SIGINFO


---------------  S Y S T E M  ---------------

OS:Bsduname:Darwin 17.4.0 Darwin Kernel Version 17.4.0: Sun Dec 17 09:19:54 PST 2017; root:xnu-4570.41.2~1/RELEASE_X86_64 x86_64
rlimit: STACK 8192k, CORE 0k, NPROC 709, NOFILE 10240, AS infinity
load average:1.43 1.69 1.62

CPU:total 4 (2 cores per cpu, 2 threads per core) family 6 model 69 stepping 1, cmov, cx8, fxsr, mmx, sse, sse2, sse3, ssse3, sse4.1, sse4.2, popcnt, avx, avx2, aes, clmul, erms, rtm, lzcnt, ht, tsc, tscinvbit, bmi1, bmi2

Memory: 4k page, physical 8388608k(663280k free)

/proc/meminfo:


vm_info: Java HotSpot(TM) 64-Bit Server VM (25.101-b13) for bsd-amd64 JRE (1.8.0_101-b13), built on Jun 22 2016 02:42:15 by "java_re" with gcc 4.2.1 (Based on Apple Inc. build 5658) (LLVM build 2336.11.00)

time: Tue Mar 29 15:02:20 2022
elapsed time: 4 seconds (0d 0h 0m 4s)

